<?xml version="1.0" encoding="UTF-8"?>
<!-- Generated by org.testng.reporters.JUnitReportReporter -->
<testsuite hostname="DESKTOP-ERHSHJS" failures="0" tests="2" name="AutomationAcademy.ErrorValidation" time="24.175" errors="0" timestamp="2024-06-20T16:03:20 SAST" skipped="0">
  <testcase classname="AutomationAcademy.ErrorValidation" name="loginErrorValidation" time="8.594"/>
  <testcase classname="AutomationAcademy.ErrorValidation" name="productValidation" time="15.581"/>
</testsuite> <!-- AutomationAcademy.ErrorValidation -->
