<?xml version="1.0" encoding="UTF-8"?>
<!-- Generated by org.testng.reporters.JUnitReportReporter -->
<testsuite hostname="DESKTOP-ERHSHJS" failures="0" tests="2" name="AutomationAcademy.ErrorValidation" time="16.550" errors="0" timestamp="2024-06-20T12:15:47 SAST" skipped="0">
  <testcase classname="AutomationAcademy.ErrorValidation" name="loginErrorValidation" time="6.229"/>
  <testcase classname="AutomationAcademy.ErrorValidation" name="productValidation" time="10.321"/>
</testsuite> <!-- AutomationAcademy.ErrorValidation -->
